<?xml version="1.0" encoding="UTF-8"?><testrun name="FooBarQixTest" project="FooBarQix" tests="24" started="24" failures="2" errors="0" ignored="0">
  <testsuite name="fr.kata.tests.FooBarQixTest" time="0.138" displayname="FooBarQixTest" uniqueid="[engine:junit-jupiter]/[class:fr.kata.tests.FooBarQixTest]">
    <testcase name="retourneFooFooEtoileFooAvec303" classname="fr.kata.tests.FooBarQixTest" time="0.059" displayname="retourneFooFooEtoileFooAvec303()" uniqueid="[engine:junit-jupiter]/[class:fr.kata.tests.FooBarQixTest]/[method:retourneFooFooEtoileFooAvec303()]">
      <failure>
        <expected>FooFoo*Foo</expected>
        <actual>1*1</actual>
        org.opentest4j.AssertionFailedError: expected: &lt;FooFoo*Foo&gt; but was: &lt;1*1&gt;&#13;
	at org.junit.jupiter.api.AssertionUtils.fail(AssertionUtils.java:55)&#13;
	at org.junit.jupiter.api.AssertionUtils.failNotEqual(AssertionUtils.java:62)&#13;
	at org.junit.jupiter.api.AssertEquals.assertEquals(AssertEquals.java:182)&#13;
	at org.junit.jupiter.api.AssertEquals.assertEquals(AssertEquals.java:177)&#13;
	at org.junit.jupiter.api.Assertions.assertEquals(Assertions.java:1124)&#13;
	at fr.kata.tests.FooBarQixTest.retourneFooFooEtoileFooAvec303(FooBarQixTest.java:186)&#13;
	at sun.reflect.NativeMethodAccessorImpl.invoke0(Native Method)&#13;
	at sun.reflect.NativeMethodAccessorImpl.invoke(NativeMethodAccessorImpl.java:62)&#13;
	at sun.reflect.DelegatingMethodAccessorImpl.invoke(DelegatingMethodAccessorImpl.java:43)&#13;
	at java.lang.reflect.Method.invoke(Method.java:498)&#13;
	at org.junit.platform.commons.util.ReflectionUtils.invokeMethod(ReflectionUtils.java:688)&#13;
	at org.junit.jupiter.engine.execution.MethodInvocation.proceed(MethodInvocation.java:60)&#13;
	at org.junit.jupiter.engine.execution.InvocationInterceptorChain$ValidatingInvocation.proceed(InvocationInterceptorChain.java:131)&#13;
	at org.junit.jupiter.engine.extension.TimeoutExtension.intercept(TimeoutExtension.java:149)&#13;
	at org.junit.jupiter.engine.extension.TimeoutExtension.interceptTestableMethod(TimeoutExtension.java:140)&#13;
	at org.junit.jupiter.engine.extension.TimeoutExtension.interceptTestMethod(TimeoutExtension.java:84)&#13;
	at org.junit.jupiter.engine.execution.ExecutableInvoker$ReflectiveInterceptorCall.lambda$ofVoidMethod$0(ExecutableInvoker.java:115)&#13;
	at org.junit.jupiter.engine.execution.ExecutableInvoker.lambda$invoke$0(ExecutableInvoker.java:105)&#13;
	at org.junit.jupiter.engine.execution.InvocationInterceptorChain$InterceptedInvocation.proceed(InvocationInterceptorChain.java:106)&#13;
	at org.junit.jupiter.engine.execution.InvocationInterceptorChain.proceed(InvocationInterceptorChain.java:64)&#13;
	at org.junit.jupiter.engine.execution.InvocationInterceptorChain.chainAndInvoke(InvocationInterceptorChain.java:45)&#13;
	at org.junit.jupiter.engine.execution.InvocationInterceptorChain.invoke(InvocationInterceptorChain.java:37)&#13;
	at org.junit.jupiter.engine.execution.ExecutableInvoker.invoke(ExecutableInvoker.java:104)&#13;
	at org.junit.jupiter.engine.execution.ExecutableInvoker.invoke(ExecutableInvoker.java:98)&#13;
	at org.junit.jupiter.engine.descriptor.TestMethodTestDescriptor.lambda$invokeTestMethod$6(TestMethodTestDescriptor.java:210)&#13;
	at org.junit.platform.engine.support.hierarchical.ThrowableCollector.execute(ThrowableCollector.java:73)&#13;
	at org.junit.jupiter.engine.descriptor.TestMethodTestDescriptor.invokeTestMethod(TestMethodTestDescriptor.java:206)&#13;
	at org.junit.jupiter.engine.descriptor.TestMethodTestDescriptor.execute(TestMethodTestDescriptor.java:131)&#13;
	at org.junit.jupiter.engine.descriptor.TestMethodTestDescriptor.execute(TestMethodTestDescriptor.java:65)&#13;
	at org.junit.platform.engine.support.hierarchical.NodeTestTask.lambda$executeRecursively$5(NodeTestTask.java:139)&#13;
	at org.junit.platform.engine.support.hierarchical.ThrowableCollector.execute(ThrowableCollector.java:73)&#13;
	at org.junit.platform.engine.support.hierarchical.NodeTestTask.lambda$executeRecursively$7(NodeTestTask.java:129)&#13;
	at org.junit.platform.engine.support.hierarchical.Node.around(Node.java:137)&#13;
	at org.junit.platform.engine.support.hierarchical.NodeTestTask.lambda$executeRecursively$8(NodeTestTask.java:127)&#13;
	at org.junit.platform.engine.support.hierarchical.ThrowableCollector.execute(ThrowableCollector.java:73)&#13;
	at org.junit.platform.engine.support.hierarchical.NodeTestTask.executeRecursively(NodeTestTask.java:126)&#13;
	at org.junit.platform.engine.support.hierarchical.NodeTestTask.execute(NodeTestTask.java:84)&#13;
	at java.util.ArrayList.forEach(ArrayList.java:1259)&#13;
	at org.junit.platform.engine.support.hierarchical.SameThreadHierarchicalTestExecutorService.invokeAll(SameThreadHierarchicalTestExecutorService.java:38)&#13;
	at org.junit.platform.engine.support.hierarchical.NodeTestTask.lambda$executeRecursively$5(NodeTestTask.java:143)&#13;
	at org.junit.platform.engine.support.hierarchical.ThrowableCollector.execute(ThrowableCollector.java:73)&#13;
	at org.junit.platform.engine.support.hierarchical.NodeTestTask.lambda$executeRecursively$7(NodeTestTask.java:129)&#13;
	at org.junit.platform.engine.support.hierarchical.Node.around(Node.java:137)&#13;
	at org.junit.platform.engine.support.hierarchical.NodeTestTask.lambda$executeRecursively$8(NodeTestTask.java:127)&#13;
	at org.junit.platform.engine.support.hierarchical.ThrowableCollector.execute(ThrowableCollector.java:73)&#13;
	at org.junit.platform.engine.support.hierarchical.NodeTestTask.executeRecursively(NodeTestTask.java:126)&#13;
	at org.junit.platform.engine.support.hierarchical.NodeTestTask.execute(NodeTestTask.java:84)&#13;
	at java.util.ArrayList.forEach(ArrayList.java:1259)&#13;
	at org.junit.platform.engine.support.hierarchical.SameThreadHierarchicalTestExecutorService.invokeAll(SameThreadHierarchicalTestExecutorService.java:38)&#13;
	at org.junit.platform.engine.support.hierarchical.NodeTestTask.lambda$executeRecursively$5(NodeTestTask.java:143)&#13;
	at org.junit.platform.engine.support.hierarchical.ThrowableCollector.execute(ThrowableCollector.java:73)&#13;
	at org.junit.platform.engine.support.hierarchical.NodeTestTask.lambda$executeRecursively$7(NodeTestTask.java:129)&#13;
	at org.junit.platform.engine.support.hierarchical.Node.around(Node.java:137)&#13;
	at org.junit.platform.engine.support.hierarchical.NodeTestTask.lambda$executeRecursively$8(NodeTestTask.java:127)&#13;
	at org.junit.platform.engine.support.hierarchical.ThrowableCollector.execute(ThrowableCollector.java:73)&#13;
	at org.junit.platform.engine.support.hierarchical.NodeTestTask.executeRecursively(NodeTestTask.java:126)&#13;
	at org.junit.platform.engine.support.hierarchical.NodeTestTask.execute(NodeTestTask.java:84)&#13;
	at org.junit.platform.engine.support.hierarchical.SameThreadHierarchicalTestExecutorService.submit(SameThreadHierarchicalTestExecutorService.java:32)&#13;
	at org.junit.platform.engine.support.hierarchical.HierarchicalTestExecutor.execute(HierarchicalTestExecutor.java:57)&#13;
	at org.junit.platform.engine.support.hierarchical.HierarchicalTestEngine.execute(HierarchicalTestEngine.java:51)&#13;
	at org.junit.platform.launcher.core.EngineExecutionOrchestrator.execute(EngineExecutionOrchestrator.java:108)&#13;
	at org.junit.platform.launcher.core.EngineExecutionOrchestrator.execute(EngineExecutionOrchestrator.java:88)&#13;
	at org.junit.platform.launcher.core.EngineExecutionOrchestrator.lambda$execute$0(EngineExecutionOrchestrator.java:54)&#13;
	at org.junit.platform.launcher.core.EngineExecutionOrchestrator.withInterceptedStreams(EngineExecutionOrchestrator.java:67)&#13;
	at org.junit.platform.launcher.core.EngineExecutionOrchestrator.execute(EngineExecutionOrchestrator.java:52)&#13;
	at org.junit.platform.launcher.core.DefaultLauncher.execute(DefaultLauncher.java:96)&#13;
	at org.junit.platform.launcher.core.DefaultLauncher.execute(DefaultLauncher.java:84)&#13;
	at org.eclipse.jdt.internal.junit5.runner.JUnit5TestReference.run(JUnit5TestReference.java:98)&#13;
	at org.eclipse.jdt.internal.junit.runner.TestExecution.run(TestExecution.java:40)&#13;
	at org.eclipse.jdt.internal.junit.runner.RemoteTestRunner.runTests(RemoteTestRunner.java:529)&#13;
	at org.eclipse.jdt.internal.junit.runner.RemoteTestRunner.runTests(RemoteTestRunner.java:756)&#13;
	at org.eclipse.jdt.internal.junit.runner.RemoteTestRunner.run(RemoteTestRunner.java:452)&#13;
	at org.eclipse.jdt.internal.junit.runner.RemoteTestRunner.main(RemoteTestRunner.java:210)&#13;
&#13;

      </failure>
    </testcase>
    <testcase name="retourneFooBarQixEtoileBarAvec105" classname="fr.kata.tests.FooBarQixTest" time="0.004" displayname="retourneFooBarQixEtoileBarAvec105()" uniqueid="[engine:junit-jupiter]/[class:fr.kata.tests.FooBarQixTest]/[method:retourneFooBarQixEtoileBarAvec105()]"/>
    <testcase name="retourneStringAvecMultiple35" classname="fr.kata.tests.FooBarQixTest" time="0.003" displayname="retourneStringAvecMultiple35()" uniqueid="[engine:junit-jupiter]/[class:fr.kata.tests.FooBarQixTest]/[method:retourneStringAvecMultiple35()]"/>
    <testcase name="retourne1Etoile1Avec101" classname="fr.kata.tests.FooBarQixTest" time="0.002" displayname="retourne1Etoile1Avec101()" uniqueid="[engine:junit-jupiter]/[class:fr.kata.tests.FooBarQixTest]/[method:retourne1Etoile1Avec101()]"/>
    <testcase name="retourneFooFooAvec3" classname="fr.kata.tests.FooBarQixTest" time="0.002" displayname="retourneFooFooAvec3()" uniqueid="[engine:junit-jupiter]/[class:fr.kata.tests.FooBarQixTest]/[method:retourneFooFooAvec3()]"/>
    <testcase name="retourne1FooAvec13" classname="fr.kata.tests.FooBarQixTest" time="0.002" displayname="retourne1FooAvec13()" uniqueid="[engine:junit-jupiter]/[class:fr.kata.tests.FooBarQixTest]/[method:retourne1FooAvec13()]"/>
    <testcase name="retourneBarFooAvec53" classname="fr.kata.tests.FooBarQixTest" time="0.003" displayname="retourneBarFooAvec53()" uniqueid="[engine:junit-jupiter]/[class:fr.kata.tests.FooBarQixTest]/[method:retourneBarFooAvec53()]"/>
    <testcase name="retourneFooBarAvec51" classname="fr.kata.tests.FooBarQixTest" time="0.002" displayname="retourneFooBarAvec51()" uniqueid="[engine:junit-jupiter]/[class:fr.kata.tests.FooBarQixTest]/[method:retourneFooBarAvec51()]"/>
    <testcase name="retourneQixQixAvec7" classname="fr.kata.tests.FooBarQixTest" time="0.001" displayname="retourneQixQixAvec7()" uniqueid="[engine:junit-jupiter]/[class:fr.kata.tests.FooBarQixTest]/[method:retourneQixQixAvec7()]"/>
    <testcase name="retourneFooFooFooAvec33" classname="fr.kata.tests.FooBarQixTest" time="0.002" displayname="retourneFooFooFooAvec33()" uniqueid="[engine:junit-jupiter]/[class:fr.kata.tests.FooBarQixTest]/[method:retourneFooFooFooAvec33()]"/>
    <testcase name="retourneStringAvecChiffreDivise" classname="fr.kata.tests.FooBarQixTest" time="0.002" displayname="retourneStringAvecChiffreDivise()" uniqueid="[engine:junit-jupiter]/[class:fr.kata.tests.FooBarQixTest]/[method:retourneStringAvecChiffreDivise()]"/>
    <testcase name="retourneFooQixAvec21" classname="fr.kata.tests.FooBarQixTest" time="0.001" displayname="retourneFooQixAvec21()" uniqueid="[engine:junit-jupiter]/[class:fr.kata.tests.FooBarQixTest]/[method:retourneFooQixAvec21()]"/>
    <testcase name="retourneBarAvec10" classname="fr.kata.tests.FooBarQixTest" time="0.004" displayname="retourneBarAvec10()" uniqueid="[engine:junit-jupiter]/[class:fr.kata.tests.FooBarQixTest]/[method:retourneBarAvec10()]">
      <failure>
        <expected>Bar</expected>
        <actual>Bar*</actual>
        org.opentest4j.AssertionFailedError: expected: &lt;Bar&gt; but was: &lt;Bar*&gt;&#13;
	at org.junit.jupiter.api.AssertionUtils.fail(AssertionUtils.java:55)&#13;
	at org.junit.jupiter.api.AssertionUtils.failNotEqual(AssertionUtils.java:62)&#13;
	at org.junit.jupiter.api.AssertEquals.assertEquals(AssertEquals.java:182)&#13;
	at org.junit.jupiter.api.AssertEquals.assertEquals(AssertEquals.java:177)&#13;
	at org.junit.jupiter.api.Assertions.assertEquals(Assertions.java:1124)&#13;
	at fr.kata.tests.FooBarQixTest.retourneBarAvec10(FooBarQixTest.java:88)&#13;
	at sun.reflect.NativeMethodAccessorImpl.invoke0(Native Method)&#13;
	at sun.reflect.NativeMethodAccessorImpl.invoke(NativeMethodAccessorImpl.java:62)&#13;
	at sun.reflect.DelegatingMethodAccessorImpl.invoke(DelegatingMethodAccessorImpl.java:43)&#13;
	at java.lang.reflect.Method.invoke(Method.java:498)&#13;
	at org.junit.platform.commons.util.ReflectionUtils.invokeMethod(ReflectionUtils.java:688)&#13;
	at org.junit.jupiter.engine.execution.MethodInvocation.proceed(MethodInvocation.java:60)&#13;
	at org.junit.jupiter.engine.execution.InvocationInterceptorChain$ValidatingInvocation.proceed(InvocationInterceptorChain.java:131)&#13;
	at org.junit.jupiter.engine.extension.TimeoutExtension.intercept(TimeoutExtension.java:149)&#13;
	at org.junit.jupiter.engine.extension.TimeoutExtension.interceptTestableMethod(TimeoutExtension.java:140)&#13;
	at org.junit.jupiter.engine.extension.TimeoutExtension.interceptTestMethod(TimeoutExtension.java:84)&#13;
	at org.junit.jupiter.engine.execution.ExecutableInvoker$ReflectiveInterceptorCall.lambda$ofVoidMethod$0(ExecutableInvoker.java:115)&#13;
	at org.junit.jupiter.engine.execution.ExecutableInvoker.lambda$invoke$0(ExecutableInvoker.java:105)&#13;
	at org.junit.jupiter.engine.execution.InvocationInterceptorChain$InterceptedInvocation.proceed(InvocationInterceptorChain.java:106)&#13;
	at org.junit.jupiter.engine.execution.InvocationInterceptorChain.proceed(InvocationInterceptorChain.java:64)&#13;
	at org.junit.jupiter.engine.execution.InvocationInterceptorChain.chainAndInvoke(InvocationInterceptorChain.java:45)&#13;
	at org.junit.jupiter.engine.execution.InvocationInterceptorChain.invoke(InvocationInterceptorChain.java:37)&#13;
	at org.junit.jupiter.engine.execution.ExecutableInvoker.invoke(ExecutableInvoker.java:104)&#13;
	at org.junit.jupiter.engine.execution.ExecutableInvoker.invoke(ExecutableInvoker.java:98)&#13;
	at org.junit.jupiter.engine.descriptor.TestMethodTestDescriptor.lambda$invokeTestMethod$6(TestMethodTestDescriptor.java:210)&#13;
	at org.junit.platform.engine.support.hierarchical.ThrowableCollector.execute(ThrowableCollector.java:73)&#13;
	at org.junit.jupiter.engine.descriptor.TestMethodTestDescriptor.invokeTestMethod(TestMethodTestDescriptor.java:206)&#13;
	at org.junit.jupiter.engine.descriptor.TestMethodTestDescriptor.execute(TestMethodTestDescriptor.java:131)&#13;
	at org.junit.jupiter.engine.descriptor.TestMethodTestDescriptor.execute(TestMethodTestDescriptor.java:65)&#13;
	at org.junit.platform.engine.support.hierarchical.NodeTestTask.lambda$executeRecursively$5(NodeTestTask.java:139)&#13;
	at org.junit.platform.engine.support.hierarchical.ThrowableCollector.execute(ThrowableCollector.java:73)&#13;
	at org.junit.platform.engine.support.hierarchical.NodeTestTask.lambda$executeRecursively$7(NodeTestTask.java:129)&#13;
	at org.junit.platform.engine.support.hierarchical.Node.around(Node.java:137)&#13;
	at org.junit.platform.engine.support.hierarchical.NodeTestTask.lambda$executeRecursively$8(NodeTestTask.java:127)&#13;
	at org.junit.platform.engine.support.hierarchical.ThrowableCollector.execute(ThrowableCollector.java:73)&#13;
	at org.junit.platform.engine.support.hierarchical.NodeTestTask.executeRecursively(NodeTestTask.java:126)&#13;
	at org.junit.platform.engine.support.hierarchical.NodeTestTask.execute(NodeTestTask.java:84)&#13;
	at java.util.ArrayList.forEach(ArrayList.java:1259)&#13;
	at org.junit.platform.engine.support.hierarchical.SameThreadHierarchicalTestExecutorService.invokeAll(SameThreadHierarchicalTestExecutorService.java:38)&#13;
	at org.junit.platform.engine.support.hierarchical.NodeTestTask.lambda$executeRecursively$5(NodeTestTask.java:143)&#13;
	at org.junit.platform.engine.support.hierarchical.ThrowableCollector.execute(ThrowableCollector.java:73)&#13;
	at org.junit.platform.engine.support.hierarchical.NodeTestTask.lambda$executeRecursively$7(NodeTestTask.java:129)&#13;
	at org.junit.platform.engine.support.hierarchical.Node.around(Node.java:137)&#13;
	at org.junit.platform.engine.support.hierarchical.NodeTestTask.lambda$executeRecursively$8(NodeTestTask.java:127)&#13;
	at org.junit.platform.engine.support.hierarchical.ThrowableCollector.execute(ThrowableCollector.java:73)&#13;
	at org.junit.platform.engine.support.hierarchical.NodeTestTask.executeRecursively(NodeTestTask.java:126)&#13;
	at org.junit.platform.engine.support.hierarchical.NodeTestTask.execute(NodeTestTask.java:84)&#13;
	at java.util.ArrayList.forEach(ArrayList.java:1259)&#13;
	at org.junit.platform.engine.support.hierarchical.SameThreadHierarchicalTestExecutorService.invokeAll(SameThreadHierarchicalTestExecutorService.java:38)&#13;
	at org.junit.platform.engine.support.hierarchical.NodeTestTask.lambda$executeRecursively$5(NodeTestTask.java:143)&#13;
	at org.junit.platform.engine.support.hierarchical.ThrowableCollector.execute(ThrowableCollector.java:73)&#13;
	at org.junit.platform.engine.support.hierarchical.NodeTestTask.lambda$executeRecursively$7(NodeTestTask.java:129)&#13;
	at org.junit.platform.engine.support.hierarchical.Node.around(Node.java:137)&#13;
	at org.junit.platform.engine.support.hierarchical.NodeTestTask.lambda$executeRecursively$8(NodeTestTask.java:127)&#13;
	at org.junit.platform.engine.support.hierarchical.ThrowableCollector.execute(ThrowableCollector.java:73)&#13;
	at org.junit.platform.engine.support.hierarchical.NodeTestTask.executeRecursively(NodeTestTask.java:126)&#13;
	at org.junit.platform.engine.support.hierarchical.NodeTestTask.execute(NodeTestTask.java:84)&#13;
	at org.junit.platform.engine.support.hierarchical.SameThreadHierarchicalTestExecutorService.submit(SameThreadHierarchicalTestExecutorService.java:32)&#13;
	at org.junit.platform.engine.support.hierarchical.HierarchicalTestExecutor.execute(HierarchicalTestExecutor.java:57)&#13;
	at org.junit.platform.engine.support.hierarchical.HierarchicalTestEngine.execute(HierarchicalTestEngine.java:51)&#13;
	at org.junit.platform.launcher.core.EngineExecutionOrchestrator.execute(EngineExecutionOrchestrator.java:108)&#13;
	at org.junit.platform.launcher.core.EngineExecutionOrchestrator.execute(EngineExecutionOrchestrator.java:88)&#13;
	at org.junit.platform.launcher.core.EngineExecutionOrchestrator.lambda$execute$0(EngineExecutionOrchestrator.java:54)&#13;
	at org.junit.platform.launcher.core.EngineExecutionOrchestrator.withInterceptedStreams(EngineExecutionOrchestrator.java:67)&#13;
	at org.junit.platform.launcher.core.EngineExecutionOrchestrator.execute(EngineExecutionOrchestrator.java:52)&#13;
	at org.junit.platform.launcher.core.DefaultLauncher.execute(DefaultLauncher.java:96)&#13;
	at org.junit.platform.launcher.core.DefaultLauncher.execute(DefaultLauncher.java:84)&#13;
	at org.eclipse.jdt.internal.junit5.runner.JUnit5TestReference.run(JUnit5TestReference.java:98)&#13;
	at org.eclipse.jdt.internal.junit.runner.TestExecution.run(TestExecution.java:40)&#13;
	at org.eclipse.jdt.internal.junit.runner.RemoteTestRunner.runTests(RemoteTestRunner.java:529)&#13;
	at org.eclipse.jdt.internal.junit.runner.RemoteTestRunner.runTests(RemoteTestRunner.java:756)&#13;
	at org.eclipse.jdt.internal.junit.runner.RemoteTestRunner.run(RemoteTestRunner.java:452)&#13;
	at org.eclipse.jdt.internal.junit.runner.RemoteTestRunner.main(RemoteTestRunner.java:210)&#13;
&#13;

      </failure>
    </testcase>
    <testcase name="retourneStringAvecMultiple357" classname="fr.kata.tests.FooBarQixTest" time="0.001" displayname="retourneStringAvecMultiple357()" uniqueid="[engine:junit-jupiter]/[class:fr.kata.tests.FooBarQixTest]/[method:retourneStringAvecMultiple357()]"/>
    <testcase name="retourneFooAvec6" classname="fr.kata.tests.FooBarQixTest" time="0.001" displayname="retourneFooAvec6()" uniqueid="[engine:junit-jupiter]/[class:fr.kata.tests.FooBarQixTest]/[method:retourneFooAvec6()]"/>
    <testcase name="retourneFooAvec9" classname="fr.kata.tests.FooBarQixTest" time="0.001" displayname="retourneFooAvec9()" uniqueid="[engine:junit-jupiter]/[class:fr.kata.tests.FooBarQixTest]/[method:retourneFooAvec9()]"/>
    <testcase name="retourneFooBarBarAvec15" classname="fr.kata.tests.FooBarQixTest" time="0.002" displayname="retourneFooBarBarAvec15()" uniqueid="[engine:junit-jupiter]/[class:fr.kata.tests.FooBarQixTest]/[method:retourneFooBarBarAvec15()]"/>
    <testcase name="retourneFooQixEtoileEtoileAvec10101" classname="fr.kata.tests.FooBarQixTest" time="0.001" displayname="retourneFooQixEtoileEtoileAvec10101()" uniqueid="[engine:junit-jupiter]/[class:fr.kata.tests.FooBarQixTest]/[method:retourneFooQixEtoileEtoileAvec10101()]"/>
    <testcase name="retourneBarBarAvec5" classname="fr.kata.tests.FooBarQixTest" time="0.001" displayname="retourneBarBarAvec5()" uniqueid="[engine:junit-jupiter]/[class:fr.kata.tests.FooBarQixTest]/[method:retourneBarBarAvec5()]"/>
    <testcase name="retourne1Avec1" classname="fr.kata.tests.FooBarQixTest" time="0.002" displayname="retourne1Avec1()" uniqueid="[engine:junit-jupiter]/[class:fr.kata.tests.FooBarQixTest]/[method:retourne1Avec1()]"/>
    <testcase name="retourne2Avec2" classname="fr.kata.tests.FooBarQixTest" time="0.002" displayname="retourne2Avec2()" uniqueid="[engine:junit-jupiter]/[class:fr.kata.tests.FooBarQixTest]/[method:retourne2Avec2()]"/>
    <testcase name="retourne4Avec4" classname="fr.kata.tests.FooBarQixTest" time="0.002" displayname="retourne4Avec4()" uniqueid="[engine:junit-jupiter]/[class:fr.kata.tests.FooBarQixTest]/[method:retourne4Avec4()]"/>
    <testcase name="retourne8Avec8" classname="fr.kata.tests.FooBarQixTest" time="0.003" displayname="retourne8Avec8()" uniqueid="[engine:junit-jupiter]/[class:fr.kata.tests.FooBarQixTest]/[method:retourne8Avec8()]"/>
    <testcase name="retourneStringAvecChiffreVerifie" classname="fr.kata.tests.FooBarQixTest" time="0.001" displayname="retourneStringAvecChiffreVerifie()" uniqueid="[engine:junit-jupiter]/[class:fr.kata.tests.FooBarQixTest]/[method:retourneStringAvecChiffreVerifie()]"/>
  </testsuite>
</testrun>
